<?xml version="1.0" encoding="UTF-8"?>
<testsuite name="com.rasmoo.raspaywfapi.RaspayWfApiApplicationTests" tests="1" skipped="0" failures="0" errors="0" timestamp="2023-12-06T03:35:43" hostname="felipe" time="0.777">
  <properties/>
  <testcase name="contextLoads()" classname="com.rasmoo.raspaywfapi.RaspayWfApiApplicationTests" time="0.777"/>
  <system-out><![CDATA[00:35:42.019 [Test worker] INFO org.springframework.test.context.support.AnnotationConfigContextLoaderUtils -- Could not detect default configuration classes for test class [com.rasmoo.raspaywfapi.RaspayWfApiApplicationTests]: RaspayWfApiApplicationTests does not declare any static, non-private, non-final, nested classes annotated with @Configuration.
00:35:42.080 [Test worker] INFO org.springframework.boot.test.context.SpringBootTestContextBootstrapper -- Found @SpringBootConfiguration com.rasmoo.raspaywfapi.RaspayWfApiApplication for test class com.rasmoo.raspaywfapi.RaspayWfApiApplicationTests

  .   ____          _            __ _ _
 /\\ / ___'_ __ _ _(_)_ __  __ _ \ \ \ \
( ( )\___ | '_ | '_| | '_ \/ _` | \ \ \ \
 \\/  ___)| |_)| | | | | || (_| |  ) ) ) )
  '  |____| .__|_| |_|_| |_\__, | / / / /
 =========|_|==============|___/=/_/_/_/
 :: Spring Boot ::                (v3.2.0)

2023-12-06T00:35:42.340-03:00  INFO 57306 --- [    Test worker] c.r.r.RaspayWfApiApplicationTests        : Starting RaspayWfApiApplicationTests using Java 17.0.6 with PID 57306 (started by felipe in /home/felipe/Documentos/projetos/rasmoo/raspay-wf-api)
2023-12-06T00:35:42.341-03:00  INFO 57306 --- [    Test worker] c.r.r.RaspayWfApiApplicationTests        : No active profile set, falling back to 1 default profile: "default"
2023-12-06T00:35:42.743-03:00  INFO 57306 --- [    Test worker] .s.d.r.c.RepositoryConfigurationDelegate : Bootstrapping Spring Data Reactive MongoDB repositories in DEFAULT mode.
2023-12-06T00:35:42.816-03:00  INFO 57306 --- [    Test worker] .s.d.r.c.RepositoryConfigurationDelegate : Finished Spring Data repository scanning in 68 ms. Found 0 Reactive MongoDB repository interfaces.
2023-12-06T00:35:43.635-03:00  INFO 57306 --- [    Test worker] org.mongodb.driver.client                : MongoClient with metadata {"driver": {"name": "mongo-java-driver|reactive-streams|spring-boot", "version": "4.11.1"}, "os": {"type": "Linux", "name": "Linux", "architecture": "amd64", "version": "5.15.0-70-generic"}, "platform": "Java/Private Build/17.0.6+10-Ubuntu-0ubuntu122.04"} created with settings MongoClientSettings{readPreference=primary, writeConcern=WriteConcern{w=majority, wTimeout=null ms, journal=null}, retryWrites=true, retryReads=true, readConcern=ReadConcern{level=null}, credential=MongoCredential{mechanism=null, userName='admin', source='admin', password=<hidden>, mechanismProperties=<hidden>}, transportSettings=NettyTransportSettings{eventLoopGroup=io.netty.channel.nio.NioEventLoopGroup@105db94d, socketChannelClass=null, allocator=null, sslContext=null}, streamFactoryFactory=null, commandListeners=[], codecRegistry=ProvidersCodecRegistry{codecProviders=[ValueCodecProvider{}, BsonValueCodecProvider{}, DBRefCodecProvider{}, DBObjectCodecProvider{}, DocumentCodecProvider{}, CollectionCodecProvider{}, IterableCodecProvider{}, MapCodecProvider{}, GeoJsonCodecProvider{}, GridFSFileCodecProvider{}, Jsr310CodecProvider{}, JsonObjectCodecProvider{}, BsonCodecProvider{}, EnumCodecProvider{}, com.mongodb.client.model.mql.ExpressionCodecProvider@1d99ee1b, com.mongodb.Jep395RecordCodecProvider@3915e7c3, com.mongodb.KotlinCodecProvider@167a21b]}, loggerSettings=LoggerSettings{maxDocumentLength=1000}, clusterSettings={hosts=[127.0.0.1:27017], srvHost=raspay-webflux-cluster.ur7trbh.mongodb.net, srvServiceName=mongodb, mode=MULTIPLE, requiredClusterType=REPLICA_SET, requiredReplicaSetName='atlas-176lj1-shard-0', serverSelector='null', clusterListeners='[]', serverSelectionTimeout='30000 ms', localThreshold='15 ms'}, socketSettings=SocketSettings{connectTimeoutMS=10000, readTimeoutMS=0, receiveBufferSize=0, proxySettings=ProxySettings{host=null, port=null, username=null, password=null}}, heartbeatSocketSettings=SocketSettings{connectTimeoutMS=10000, readTimeoutMS=10000, receiveBufferSize=0, proxySettings=ProxySettings{host=null, port=null, username=null, password=null}}, connectionPoolSettings=ConnectionPoolSettings{maxSize=100, minSize=0, maxWaitTimeMS=120000, maxConnectionLifeTimeMS=0, maxConnectionIdleTimeMS=0, maintenanceInitialDelayMS=0, maintenanceFrequencyMS=60000, connectionPoolListeners=[], maxConnecting=2}, serverSettings=ServerSettings{heartbeatFrequencyMS=10000, minHeartbeatFrequencyMS=500, serverListeners='[]', serverMonitorListeners='[]'}, sslSettings=SslSettings{enabled=true, invalidHostNameAllowed=false, context=null}, applicationName='null', compressorList=[], uuidRepresentation=JAVA_LEGACY, serverApi=null, autoEncryptionSettings=null, dnsClient=null, inetAddressResolver=null, contextProvider=null}
2023-12-06T00:35:43.777-03:00  INFO 57306 --- [rbh.mongodb.net] org.mongodb.driver.cluster               : Adding discovered server ac-d3jvtrr-shard-00-00.ur7trbh.mongodb.net:27017 to client view of cluster
2023-12-06T00:35:43.796-03:00  INFO 57306 --- [rbh.mongodb.net] org.mongodb.driver.cluster               : Adding discovered server ac-d3jvtrr-shard-00-02.ur7trbh.mongodb.net:27017 to client view of cluster
2023-12-06T00:35:43.798-03:00  INFO 57306 --- [rbh.mongodb.net] org.mongodb.driver.cluster               : Adding discovered server ac-d3jvtrr-shard-00-01.ur7trbh.mongodb.net:27017 to client view of cluster
2023-12-06T00:35:43.851-03:00  INFO 57306 --- [    Test worker] c.r.r.RaspayWfApiApplicationTests        : Started RaspayWfApiApplicationTests in 1.682 seconds (process running for 2.336)
2023-12-06T00:35:44.525-03:00  INFO 57306 --- [ngodb.net:27017] org.mongodb.driver.cluster               : Monitor thread successfully connected to server with description ServerDescription{address=ac-d3jvtrr-shard-00-00.ur7trbh.mongodb.net:27017, type=REPLICA_SET_SECONDARY, state=CONNECTED, ok=true, minWireVersion=0, maxWireVersion=17, maxDocumentSize=16777216, logicalSessionTimeoutMinutes=30, roundTripTimeNanos=292038923, setName='atlas-176lj1-shard-0', canonicalAddress=ac-d3jvtrr-shard-00-00.ur7trbh.mongodb.net:27017, hosts=[ac-d3jvtrr-shard-00-01.ur7trbh.mongodb.net:27017, ac-d3jvtrr-shard-00-02.ur7trbh.mongodb.net:27017, ac-d3jvtrr-shard-00-00.ur7trbh.mongodb.net:27017], passives=[], arbiters=[], primary='ac-d3jvtrr-shard-00-01.ur7trbh.mongodb.net:27017', tagSet=TagSet{[Tag{name='availabilityZone', value='sae1-az1'}, Tag{name='nodeType', value='ELECTABLE'}, Tag{name='provider', value='AWS'}, Tag{name='region', value='SA_EAST_1'}, Tag{name='workloadType', value='OPERATIONAL'}]}, electionId=null, setVersion=1, topologyVersion=TopologyVersion{processId=656661193c7918c49ec451df, counter=8}, lastWriteDate=Wed Dec 06 00:35:44 BRT 2023, lastUpdateTimeNanos=80684459441741}
2023-12-06T00:35:44.525-03:00  INFO 57306 --- [ngodb.net:27017] org.mongodb.driver.cluster               : Monitor thread successfully connected to server with description ServerDescription{address=ac-d3jvtrr-shard-00-02.ur7trbh.mongodb.net:27017, type=REPLICA_SET_SECONDARY, state=CONNECTED, ok=true, minWireVersion=0, maxWireVersion=17, maxDocumentSize=16777216, logicalSessionTimeoutMinutes=30, roundTripTimeNanos=291349565, setName='atlas-176lj1-shard-0', canonicalAddress=ac-d3jvtrr-shard-00-02.ur7trbh.mongodb.net:27017, hosts=[ac-d3jvtrr-shard-00-01.ur7trbh.mongodb.net:27017, ac-d3jvtrr-shard-00-02.ur7trbh.mongodb.net:27017, ac-d3jvtrr-shard-00-00.ur7trbh.mongodb.net:27017], passives=[], arbiters=[], primary='ac-d3jvtrr-shard-00-01.ur7trbh.mongodb.net:27017', tagSet=TagSet{[Tag{name='availabilityZone', value='sae1-az2'}, Tag{name='nodeType', value='ELECTABLE'}, Tag{name='provider', value='AWS'}, Tag{name='region', value='SA_EAST_1'}, Tag{name='workloadType', value='OPERATIONAL'}]}, electionId=null, setVersion=1, topologyVersion=TopologyVersion{processId=6566615d63f41cf4b9571141, counter=5}, lastWriteDate=Wed Dec 06 00:35:44 BRT 2023, lastUpdateTimeNanos=80684459101592}
2023-12-06T00:35:44.525-03:00  INFO 57306 --- [ngodb.net:27017] org.mongodb.driver.cluster               : Monitor thread successfully connected to server with description ServerDescription{address=ac-d3jvtrr-shard-00-01.ur7trbh.mongodb.net:27017, type=REPLICA_SET_PRIMARY, state=CONNECTED, ok=true, minWireVersion=0, maxWireVersion=17, maxDocumentSize=16777216, logicalSessionTimeoutMinutes=30, roundTripTimeNanos=291533984, setName='atlas-176lj1-shard-0', canonicalAddress=ac-d3jvtrr-shard-00-01.ur7trbh.mongodb.net:27017, hosts=[ac-d3jvtrr-shard-00-01.ur7trbh.mongodb.net:27017, ac-d3jvtrr-shard-00-02.ur7trbh.mongodb.net:27017, ac-d3jvtrr-shard-00-00.ur7trbh.mongodb.net:27017], passives=[], arbiters=[], primary='ac-d3jvtrr-shard-00-01.ur7trbh.mongodb.net:27017', tagSet=TagSet{[Tag{name='availabilityZone', value='sae1-az3'}, Tag{name='nodeType', value='ELECTABLE'}, Tag{name='provider', value='AWS'}, Tag{name='region', value='SA_EAST_1'}, Tag{name='workloadType', value='OPERATIONAL'}]}, electionId=7fffffff0000000000000002, setVersion=1, topologyVersion=TopologyVersion{processId=65666119911c533ad2523353, counter=7}, lastWriteDate=Wed Dec 06 00:35:44 BRT 2023, lastUpdateTimeNanos=80684459101664}
2023-12-06T00:35:44.530-03:00  INFO 57306 --- [ngodb.net:27017] org.mongodb.driver.cluster               : Discovered replica set primary ac-d3jvtrr-shard-00-01.ur7trbh.mongodb.net:27017 with max election id 7fffffff0000000000000002 and max set version 1
]]></system-out>
  <system-err><![CDATA[]]></system-err>
</testsuite>
