<?xml version="1.0" encoding="UTF-8"?>
<testsuite name="com.rasmoo.raspaywfapi.RaspayWfApiApplicationTests" tests="1" skipped="0" failures="0" errors="0" timestamp="2023-12-05T03:55:57" hostname="felipe" time="0.494">
  <properties/>
  <testcase name="contextLoads()" classname="com.rasmoo.raspaywfapi.RaspayWfApiApplicationTests" time="0.494"/>
  <system-out><![CDATA[00:55:56.213 [Test worker] INFO org.springframework.test.context.support.AnnotationConfigContextLoaderUtils -- Could not detect default configuration classes for test class [com.rasmoo.raspaywfapi.RaspayWfApiApplicationTests]: RaspayWfApiApplicationTests does not declare any static, non-private, non-final, nested classes annotated with @Configuration.
00:55:56.266 [Test worker] INFO org.springframework.boot.test.context.SpringBootTestContextBootstrapper -- Found @SpringBootConfiguration com.rasmoo.raspaywfapi.RaspayWfApiApplication for test class com.rasmoo.raspaywfapi.RaspayWfApiApplicationTests

  .   ____          _            __ _ _
 /\\ / ___'_ __ _ _(_)_ __  __ _ \ \ \ \
( ( )\___ | '_ | '_| | '_ \/ _` | \ \ \ \
 \\/  ___)| |_)| | | | | || (_| |  ) ) ) )
  '  |____| .__|_| |_|_| |_\__, | / / / /
 =========|_|==============|___/=/_/_/_/
 :: Spring Boot ::                (v3.2.0)

2023-12-05T00:55:56.502-03:00  INFO 6175 --- [    Test worker] c.r.r.RaspayWfApiApplicationTests        : Starting RaspayWfApiApplicationTests using Java 17.0.6 with PID 6175 (started by felipe in /home/felipe/Documentos/projetos/rasmoo/raspay-wf-api)
2023-12-05T00:55:56.503-03:00  INFO 6175 --- [    Test worker] c.r.r.RaspayWfApiApplicationTests        : No active profile set, falling back to 1 default profile: "default"
2023-12-05T00:55:56.833-03:00  INFO 6175 --- [    Test worker] .s.d.r.c.RepositoryConfigurationDelegate : Bootstrapping Spring Data Reactive MongoDB repositories in DEFAULT mode.
2023-12-05T00:55:56.845-03:00  INFO 6175 --- [    Test worker] .s.d.r.c.RepositoryConfigurationDelegate : Finished Spring Data repository scanning in 9 ms. Found 0 Reactive MongoDB repository interfaces.
2023-12-05T00:55:57.571-03:00  INFO 6175 --- [    Test worker] org.mongodb.driver.client                : MongoClient with metadata {"driver": {"name": "mongo-java-driver|reactive-streams|spring-boot", "version": "4.11.1"}, "os": {"type": "Linux", "name": "Linux", "architecture": "amd64", "version": "5.15.0-70-generic"}, "platform": "Java/Private Build/17.0.6+10-Ubuntu-0ubuntu122.04"} created with settings MongoClientSettings{readPreference=primary, writeConcern=WriteConcern{w=majority, wTimeout=null ms, journal=null}, retryWrites=true, retryReads=true, readConcern=ReadConcern{level=null}, credential=MongoCredential{mechanism=null, userName='admin', source='admin', password=<hidden>, mechanismProperties=<hidden>}, transportSettings=NettyTransportSettings{eventLoopGroup=io.netty.channel.nio.NioEventLoopGroup@4ee8051c, socketChannelClass=null, allocator=null, sslContext=null}, streamFactoryFactory=null, commandListeners=[], codecRegistry=ProvidersCodecRegistry{codecProviders=[ValueCodecProvider{}, BsonValueCodecProvider{}, DBRefCodecProvider{}, DBObjectCodecProvider{}, DocumentCodecProvider{}, CollectionCodecProvider{}, IterableCodecProvider{}, MapCodecProvider{}, GeoJsonCodecProvider{}, GridFSFileCodecProvider{}, Jsr310CodecProvider{}, JsonObjectCodecProvider{}, BsonCodecProvider{}, EnumCodecProvider{}, com.mongodb.client.model.mql.ExpressionCodecProvider@53125718, com.mongodb.Jep395RecordCodecProvider@53016b11, com.mongodb.KotlinCodecProvider@7af327e3]}, loggerSettings=LoggerSettings{maxDocumentLength=1000}, clusterSettings={hosts=[127.0.0.1:27017], srvHost=raspay-webflux-cluster.ur7trbh.mongodb.net, srvServiceName=mongodb, mode=MULTIPLE, requiredClusterType=REPLICA_SET, requiredReplicaSetName='atlas-176lj1-shard-0', serverSelector='null', clusterListeners='[]', serverSelectionTimeout='30000 ms', localThreshold='15 ms'}, socketSettings=SocketSettings{connectTimeoutMS=10000, readTimeoutMS=0, receiveBufferSize=0, proxySettings=ProxySettings{host=null, port=null, username=null, password=null}}, heartbeatSocketSettings=SocketSettings{connectTimeoutMS=10000, readTimeoutMS=10000, receiveBufferSize=0, proxySettings=ProxySettings{host=null, port=null, username=null, password=null}}, connectionPoolSettings=ConnectionPoolSettings{maxSize=100, minSize=0, maxWaitTimeMS=120000, maxConnectionLifeTimeMS=0, maxConnectionIdleTimeMS=0, maintenanceInitialDelayMS=0, maintenanceFrequencyMS=60000, connectionPoolListeners=[], maxConnecting=2}, serverSettings=ServerSettings{heartbeatFrequencyMS=10000, minHeartbeatFrequencyMS=500, serverListeners='[]', serverMonitorListeners='[]'}, sslSettings=SslSettings{enabled=true, invalidHostNameAllowed=false, context=null}, applicationName='null', compressorList=[], uuidRepresentation=JAVA_LEGACY, serverApi=null, autoEncryptionSettings=null, dnsClient=null, inetAddressResolver=null, contextProvider=null}
2023-12-05T00:55:57.703-03:00  INFO 6175 --- [    Test worker] c.r.r.RaspayWfApiApplicationTests        : Started RaspayWfApiApplicationTests in 1.363 seconds (process running for 1.938)
2023-12-05T00:55:57.865-03:00  INFO 6175 --- [rbh.mongodb.net] org.mongodb.driver.cluster               : Adding discovered server ac-d3jvtrr-shard-00-00.ur7trbh.mongodb.net:27017 to client view of cluster
2023-12-05T00:55:57.880-03:00  INFO 6175 --- [rbh.mongodb.net] org.mongodb.driver.cluster               : Adding discovered server ac-d3jvtrr-shard-00-02.ur7trbh.mongodb.net:27017 to client view of cluster
2023-12-05T00:55:57.882-03:00  INFO 6175 --- [rbh.mongodb.net] org.mongodb.driver.cluster               : Adding discovered server ac-d3jvtrr-shard-00-01.ur7trbh.mongodb.net:27017 to client view of cluster
]]></system-out>
  <system-err><![CDATA[]]></system-err>
</testsuite>
